<html>
<body>
<pre>
<h1>Vision3 Build Log</h1>
<h2>Project:</h2>
D:\电机控制器\步进电机每按一下转3.6度\ddzz.uv2
Project File Date:  11/21/2008

<h2>Output:</h2>
Build target 'Target 1'
compiling ddzz.c...
linking...
Program Size: data=14.0 xdata=0 code=104
creating hex file from "ddzz"...
"ddzz" - 0 Error(s), 0 Warning(s).
Build target 'Target 1'
linking...
Program Size: data=14.0 xdata=0 code=104
creating hex file from "ddzz"...
"ddzz" - 0 Error(s), 0 Warning(s).
Build target 'Target 1'
linking...
Program Size: data=14.0 xdata=0 code=104
creating hex file from "ddzz"...
"ddzz" - 0 Error(s), 0 Warning(s).
Build target 'Target 1'
compiling ddzz.c...
linking...
Program Size: data=14.0 xdata=0 code=102
creating hex file from "ddzz"...
"ddzz" - 0 Error(s), 0 Warning(s).
Build target 'Target 1'
linking...
Program Size: data=14.0 xdata=0 code=102
creating hex file from "ddzz"...
"ddzz" - 0 Error(s), 0 Warning(s).
Build target 'Target 1'
compiling ddzz.c...
linking...
Program Size: data=14.0 xdata=0 code=102
creating hex file from "ddzz"...
"ddzz" - 0 Error(s), 0 Warning(s).
Build target 'Target 1'
compiling ddzz.c...
DDZZ.C(59): error C141: syntax error near '}'
Target not created
Build target 'Target 1'
compiling ddzz.c...
linking...
Program Size: data=14.0 xdata=0 code=95
creating hex file from "ddzz"...
"ddzz" - 0 Error(s), 0 Warning(s).
Build target 'Target 1'
compiling ddzz.c...
DDZZ.C(55): error C141: syntax error near '}'
Target not created
Build target 'Target 1'
compiling ddzz.c...
DDZZ.C(55): error C141: syntax error near '}'
Target not created
Build target 'Target 1'
compiling ddzz.c...
linking...
*** WARNING L16: UNCALLED SEGMENT, IGNORED FOR OVERLAY PROCESS
    SEGMENT: ?PR?_DELAY?DDZZ
Program Size: data=16.0 xdata=0 code=81
creating hex file from "ddzz"...
"ddzz" - 0 Error(s), 1 Warning(s).
Build target 'Target 1'
linking...
*** WARNING L16: UNCALLED SEGMENT, IGNORED FOR OVERLAY PROCESS
    SEGMENT: ?PR?_DELAY?DDZZ
Program Size: data=16.0 xdata=0 code=81
creating hex file from "ddzz"...
"ddzz" - 0 Error(s), 1 Warning(s).
Build target 'Target 1'
compiling ddzz.c...
DDZZ.C(29): warning C280: 'z': unreferenced local variable
linking...
*** WARNING L16: UNCALLED SEGMENT, IGNORED FOR OVERLAY PROCESS
    SEGMENT: ?PR?_DELAY?DDZZ
Program Size: data=16.0 xdata=0 code=154
creating hex file from "ddzz"...
"ddzz" - 0 Error(s), 2 Warning(s).
Build target 'Target 1'
linking...
*** WARNING L16: UNCALLED SEGMENT, IGNORED FOR OVERLAY PROCESS
    SEGMENT: ?PR?_DELAY?DDZZ
Program Size: data=16.0 xdata=0 code=154
creating hex file from "ddzz"...
"ddzz" - 0 Error(s), 1 Warning(s).
Build target 'Target 1'
compiling ddzz.c...
DDZZ.C(29): warning C280: 'z': unreferenced local variable
linking...
Program Size: data=15.0 xdata=0 code=126
creating hex file from "ddzz"...
"ddzz" - 0 Error(s), 1 Warning(s).
Build target 'Target 1'
linking...
Program Size: data=15.0 xdata=0 code=126
creating hex file from "ddzz"...
"ddzz" - 0 Error(s), 0 Warning(s).
Build target 'Target 1'
compiling ddzz.c...
DDZZ.C(29): warning C280: 'z': unreferenced local variable
linking...
Program Size: data=15.0 xdata=0 code=116
creating hex file from "ddzz"...
"ddzz" - 0 Error(s), 1 Warning(s).
Build target 'Target 1'
linking...
Program Size: data=15.0 xdata=0 code=116
creating hex file from "ddzz"...
"ddzz" - 0 Error(s), 0 Warning(s).
Build target 'Target 1'
compiling ddzz.c...
DDZZ.C(46): error C141: syntax error near ';'
Target not created
Build target 'Target 1'
compiling ddzz.c...
DDZZ.C(46): error C141: syntax error near ';'
Target not created
Build target 'Target 1'
compiling ddzz.c...
DDZZ.C(29): warning C280: 'z': unreferenced local variable
linking...
Program Size: data=15.0 xdata=0 code=122
creating hex file from "ddzz"...
"ddzz" - 0 Error(s), 1 Warning(s).
Build target 'Target 1'
linking...
Program Size: data=15.0 xdata=0 code=122
creating hex file from "ddzz"...
"ddzz" - 0 Error(s), 0 Warning(s).
Build target 'Target 1'
compiling ddzz.c...
DDZZ.C(48): error C175: 0x6: duplicate case value
Target not created
Build target 'Target 1'
compiling ddzz.c...
DDZZ.C(48): error C175: 0x6: duplicate case value
Target not created
Build target 'Target 1'
compiling ddzz.c...
DDZZ.C(48): error C175: 0x6: duplicate case value
Target not created
Build target 'Target 1'
compiling ddzz.c...
DDZZ.C(29): warning C280: 'z': unreferenced local variable
linking...
Program Size: data=15.0 xdata=0 code=155
creating hex file from "ddzz"...
"ddzz" - 0 Error(s), 1 Warning(s).
Build target 'Target 1'
linking...
Program Size: data=15.0 xdata=0 code=155
creating hex file from "ddzz"...
"ddzz" - 0 Error(s), 0 Warning(s).
Build target 'Target 1'
compiling ddzz.c...
DDZZ.C(29): warning C280: 'z': unreferenced local variable
linking...
Program Size: data=15.0 xdata=0 code=185
creating hex file from "ddzz"...
"ddzz" - 0 Error(s), 1 Warning(s).
Build target 'Target 1'
linking...
Program Size: data=15.0 xdata=0 code=185
creating hex file from "ddzz"...
"ddzz" - 0 Error(s), 0 Warning(s).
Build target 'Target 1'
linking...
Program Size: data=15.0 xdata=0 code=185
creating hex file from "ddzz"...
"ddzz" - 0 Error(s), 0 Warning(s).
